INFO:root:Attendance marked for Unknown
INFO:root:Attendance marked for Unknown
INFO:root:Attendance marked for Unknown
INFO:root:Attendance marked for Unknown
INFO:root:Attendance marked for Unknown
INFO:root:Attendance marked for Unknown
INFO:root:Attendance marked for Unknown
INFO:root:Attendance marked for Unknown
INFO:root:Attendance marked for Unknown
INFO:root:Attendance marked for Unknown
INFO:root:Attendance marked for Unknown
INFO:root:Attendance marked for Unknown
INFO:root:Attendance marked for Unknown
INFO:root:Attendance marked for Unknown
INFO:root:Attendance marked for Unknown
INFO:root:Attendance marked for Unknown
INFO:root:Attendance marked for Unknown
INFO:root:Attendance marked for Unknown
INFO:root:Attendance marked for Unknown
INFO:root:Attendance marked for Unknown
INFO:root:Attendance marked for Unknown
INFO:root:Attendance marked for Unknown
INFO:root:Attendance marked for Unknown
INFO:root:Attendance marked for Unknown
INFO:root:Attendance marked for Unknown
INFO:root:Attendance marked for Unknown
INFO:root:Attendance marked for Unknown
INFO:root:Attendance marked for Unknown
INFO:root:Attendance marked for Unknown
INFO:root:Attendance marked for Unknown
INFO:root:Attendance marked for Unknown
INFO:root:Attendance marked for Unknown
INFO:root:Attendance marked for Unknown
INFO:root:Attendance marked for Unknown
INFO:root:Attendance marked for Unknown
INFO:root:Attendance marked for Unknown
INFO:root:Attendance marked for Unknown
INFO:root:Attendance marked for Unknown
INFO:root:Attendance marked for Unknown
INFO:root:Attendance marked for Unknown
INFO:root:Attendance marked for Unknown
INFO:root:Attendance marked for Unknown
INFO:root:Attendance marked for Unknown
INFO:root:Attendance marked for Unknown
INFO:root:Attendance marked for Unknown
INFO:root:Attendance marked for Unknown
INFO:root:Attendance marked for Unknown
INFO:root:Attendance marked for Unknown
INFO:root:Attendance marked for Unknown
INFO:root:Attendance marked for Unknown
INFO:root:Attendance marked for Unknown
INFO:root:Attendance marked for Unknown
INFO:root:Attendance marked for Unknown
INFO:root:Attendance marked for Unknown
INFO:root:Attendance marked for Unknown
INFO:root:Attendance marked for Unknown
INFO:root:Attendance marked for Unknown
INFO:root:Attendance marked for Unknown
INFO:root:Attendance marked for Unknown
INFO:root:Attendance marked for Unknown
INFO:root:Attendance marked for Unknown
INFO:root:Attendance marked for Unknown
INFO:root:Attendance marked for Unknown
INFO:root:Attendance marked for Unknown
INFO:root:Attendance marked for Unknown
INFO:root:Attendance marked for Unknown
INFO:root:Attendance marked for Unknown
INFO:root:Attendance marked for Unknown
INFO:root:Attendance marked for Unknown
INFO:root:Attendance marked for Unknown
INFO:root:Attendance marked for Unknown
INFO:root:Attendance marked for Unknown
INFO:root:Attendance marked for Unknown
INFO:root:Attendance marked for Unknown
INFO:root:Attendance marked for Unknown
INFO:root:Attendance marked for Unknown
INFO:root:Attendance marked for Unknown
INFO:root:Attendance marked for Unknown
INFO:root:Attendance marked for Unknown
INFO:root:Attendance marked for Unknown
INFO:root:Attendance marked for Unknown
INFO:root:Attendance marked for Unknown
INFO:root:Attendance marked for Unknown
INFO:root:Attendance marked for Unknown
INFO:root:Attendance marked for Unknown
INFO:root:Attendance marked for Unknown
INFO:root:Attendance marked for Unknown
INFO:root:Attendance marked for Unknown
INFO:root:Attendance marked for Unknown
INFO:root:Attendance marked for Unknown
INFO:root:Attendance marked for Unknown
INFO:root:Attendance marked for Unknown
INFO:root:Attendance marked for Unknown
INFO:root:Attendance marked for Unknown
INFO:root:Attendance marked for Unknown
INFO:root:Attendance marked for Sheeraz
INFO:root:Attendance marked for Sheeraz
INFO:root:Attendance marked for Sheeraz
INFO:root:Attendance marked for Sheeraz
INFO:root:Attendance marked for Unknown
INFO:root:Attendance marked for Unknown
INFO:root:Attendance marked for Sheeraz
INFO:root:Attendance marked for Sheeraz
INFO:root:Attendance marked for Unknown
INFO:root:Attendance marked for Unknown
INFO:root:Attendance marked for Unknown
INFO:root:Attendance marked for Unknown
INFO:root:Attendance marked for Unknown
INFO:root:Attendance marked for Unknown
INFO:root:Attendance marked for Unknown
INFO:root:Attendance marked for Unknown
ERROR:root:An unexpected error occurred: 'known_faces_dir'
ERROR:root:An unexpected error occurred: 'known_faces_dir'
INFO:root:Attendance marked for Unknown
INFO:root:Attendance marked for Unknown
INFO:root:Attendance marked for Unknown
INFO:root:Attendance marked for Unknown
INFO:root:Attendance marked for Unknown
INFO:root:Attendance marked for Unknown
INFO:root:Attendance marked for Unknown
INFO:root:Attendance marked for Unknown
INFO:root:Attendance marked for Unknown
INFO:root:Attendance marked for Unknown
INFO:root:Attendance marked for Unknown
INFO:root:Attendance marked for Unknown
INFO:root:Attendance marked for Unknown
INFO:root:Attendance marked for Unknown
INFO:root:Attendance marked for Unknown
INFO:root:Attendance marked for Unknown
INFO:root:Attendance marked for Sheeraz
INFO:root:Attendance marked for Sheeraz
INFO:root:Attendance marked for Unknown
INFO:root:Attendance marked for Unknown
INFO:root:Attendance marked for Unknown
INFO:root:Attendance marked for Unknown
INFO:root:Attendance marked for Unknown
INFO:root:Attendance marked for Unknown
INFO:root:Attendance marked for Unknown
INFO:root:Attendance marked for Unknown
INFO:root:Attendance marked for Unknown
INFO:root:Attendance marked for Unknown
INFO:root:Attendance marked for Unknown
INFO:root:Attendance marked for Unknown
INFO:root:Attendance marked for Unknown
INFO:root:Attendance marked for Unknown
INFO:root:Attendance marked for Unknown
INFO:root:Attendance marked for Unknown
INFO:root:Attendance marked for Unknown
INFO:root:Attendance marked for Unknown
INFO:root:Attendance marked for Unknown
INFO:root:Attendance marked for Unknown
INFO:root:Attendance marked for Unknown
INFO:root:Attendance marked for Unknown
INFO:root:Attendance marked for Unknown
INFO:root:Attendance marked for Unknown
INFO:root:Attendance marked for Unknown
INFO:root:Attendance marked for Unknown
INFO:root:Attendance marked for Unknown
INFO:root:Attendance marked for Unknown
INFO:root:Attendance marked for Unknown
INFO:root:Attendance marked for Unknown
INFO:root:Attendance marked for Unknown
INFO:root:Attendance marked for Unknown
INFO:root:Attendance marked for Unknown
INFO:root:Attendance marked for Unknown
INFO:root:Attendance marked for Unknown
INFO:root:Attendance marked for Unknown
INFO:root:Attendance marked for Unknown
INFO:root:Attendance marked for Unknown
INFO:root:Attendance marked for Unknown
INFO:root:Attendance marked for Unknown
INFO:root:Attendance marked for Unknown
INFO:root:Attendance marked for Unknown
INFO:root:Attendance marked for Unknown
INFO:root:Attendance marked for Unknown
INFO:root:Attendance marked for Unknown
INFO:root:Attendance marked for Unknown
INFO:root:Attendance marked for Unknown
INFO:root:Attendance marked for Unknown
INFO:root:Attendance marked for Unknown
INFO:root:Attendance marked for Unknown
INFO:root:Attendance marked for Unknown
INFO:root:Attendance marked for Unknown
INFO:root:Attendance marked for Unknown
INFO:root:Attendance marked for Unknown
INFO:root:Attendance marked for Unknown
INFO:root:Attendance marked for Unknown
INFO:root:Attendance marked for Unknown
INFO:root:Attendance marked for Unknown
INFO:root:Attendance marked for Unknown
ERROR:root:An unexpected error occurred: run loop already started
INFO:root:Attendance marked for Unknown
INFO:root:Attendance marked for Unknown
INFO:root:Attendance marked for Unknown
INFO:root:Attendance marked for Sheeraz
INFO:root:Attendance marked for Sheeraz
INFO:root:Attendance marked for Unknown
INFO:root:Attendance marked for Sheeraz
INFO:root:Attendance marked for Sheeraz
INFO:root:Attendance marked for Unknown
INFO:root:Attendance marked for Unknown
INFO:root:Attendance marked for Unknown
INFO:root:Attendance marked for Unknown
INFO:root:Attendance marked for Sheeraz
INFO:root:Attendance marked for Sheeraz
INFO:root:Attendance marked for Unknown
INFO:root:Attendance marked for Unknown
INFO:root:Attendance marked for Unknown
INFO:root:Attendance marked for Unknown
INFO:root:Attendance marked for Unknown
INFO:root:Attendance marked for Unknown
INFO:root:Attendance marked for Unknown
INFO:root:Attendance marked for Unknown
INFO:root:Attendance marked for Unknown
INFO:root:Attendance marked for Unknown
INFO:root:Attendance marked for Unknown
INFO:root:Attendance marked for Unknown
INFO:root:Attendance marked for Unknown
INFO:root:Attendance marked for Unknown
INFO:root:Attendance marked for Unknown
INFO:root:Attendance marked for Unknown
INFO:root:Attendance marked for Unknown
INFO:root:Attendance marked for Unknown
INFO:root:Attendance marked for Unknown
INFO:root:Attendance marked for Unknown
INFO:root:Attendance marked for Unknown
INFO:root:Attendance marked for Unknown
INFO:root:Attendance marked for Unknown
INFO:root:Attendance marked for Unknown
INFO:root:Attendance marked for Unknown
INFO:root:Attendance marked for Unknown
INFO:root:Attendance marked for Unknown
INFO:root:Attendance marked for Unknown
INFO:root:Attendance marked for Unknown
INFO:root:Attendance marked for Unknown
INFO:root:Attendance marked for Unknown
INFO:root:Attendance marked for Unknown
INFO:root:Attendance marked for Unknown
INFO:root:Attendance marked for Unknown
INFO:root:Attendance marked for Unknown
INFO:absl:Using C:\Users\mdsha\AppData\Local\Temp\tfhub_modules to cache modules.
INFO:absl:Downloading TF-Hub Module 'https://tfhub.dev/google/tf2-preview/inception_resnet_v2/feature_vector/4'.
INFO:root:Attendance marked for Unknown
INFO:root:Attendance marked for Unknown
INFO:root:Attendance marked for Unknown
INFO:root:Attendance marked for Unknown
INFO:root:Attendance marked for Unknown
INFO:root:Attendance marked for Unknown
INFO:root:Attendance marked for Unknown
